SF:lib\entities\cart.dart
DA:7,2
DA:13,6
DA:16,6
DA:19,6
DA:22,1
DA:23,2
DA:27,1
DA:28,2
LF:8
LH:8
end_of_record
SF:lib\entities\cart_item.dart
DA:11,2
DA:16,10
DA:19,3
DA:23,10
DA:26,3
DA:30,10
LF:6
LH:6
end_of_record
SF:lib\entities\origin.dart
DA:10,9
DA:12,4
DA:19,4
DA:21,4
LF:4
LH:4
end_of_record
SF:lib\entities\product.dart
DA:13,3
DA:33,9
DA:36,3
DA:37,12
DA:38,9
DA:43,9
DA:46,3
DA:47,12
DA:48,6
DA:49,9
DA:50,9
DA:51,6
DA:56,8
LF:13
LH:13
end_of_record
SF:lib\entities\vat.dart
DA:10,9
DA:12,4
DA:18,4
DA:20,4
DA:26,3
DA:28,3
LF:6
LH:6
end_of_record
